<?xml version="1.0" encoding="UTF-8"?>
<testng-results skipped="0" failed="0" ignored="0" total="1" passed="1">
  <reporter-output>
  </reporter-output>
  <suite name="Default suite" duration-ms="52" started-at="2020-05-23T16:51:22Z" finished-at="2020-05-23T16:51:22Z">
    <groups>
    </groups>
    <test name="Default test" duration-ms="52" started-at="2020-05-23T16:51:22Z" finished-at="2020-05-23T16:51:22Z">
      <class name="test.login">
        <test-method status="PASS" signature="FBLogin()[pri:0, instance:test.login@573f2bb1]" name="FBLogin" duration-ms="16" started-at="2020-05-23T16:51:22Z" finished-at="2020-05-23T16:51:22Z">
          <reporter-output>
          </reporter-output>
        </test-method> <!-- FBLogin -->
      </class> <!-- test.login -->
    </test> <!-- Default test -->
  </suite> <!-- Default suite -->
</testng-results>
